#-----------------------------------------------------------
# Vivado v2024.1.2 (64-bit)
# SW Build 5164865 on Thu Sep  5 14:37:11 MDT 2024
# IP Build 5164407 on Fri Sep  6 08:18:11 MDT 2024
# SharedData Build 5164864 on Thu Sep 05 13:09:09 MDT 2024
# Start of session at: Mon Dec  9 18:06:23 2024
# Process ID: 137412
# Current directory: X:/Bao/project_rough
# Command line: vivado.exe -gui_launcher_event rodinguilauncherevent152528 X:\Bao\project_rough\project_rough.xpr
# Log file: X:/Bao/project_rough/vivado.log
# Journal file: X:/Bao/project_rough\vivado.jou
# Running On        :EDNA-PT2
# Platform          :Windows Server 2016 or Windows 10
# Operating System  :22631
# Processor Detail  :13th Gen Intel(R) Core(TM) i7-1360P
# CPU Frequency     :2611 MHz
# CPU Physical cores:12
# CPU Logical cores :16
# Host memory       :16849 MB
# Swap memory       :34359 MB
# Total Virtual     :51208 MB
# Available Virtual :19820 MB
#-----------------------------------------------------------
start_gui
open_project X:/Bao/project_rough/project_rough.xpr
WARNING: [Board 49-26] cannot add Board Part xilinx.com:emb-plus-vpr-4616:part0:1.0 available at C:/Xilinx/Vivado/2024.1/data/xhub/boards/XilinxBoardStore/boards/Xilinx/emb-plus-vpr-4616/1.0/board.xml as part xcve2302-sfva784-2mp-e-s specified in board_part file is either invalid or not available
WARNING: [Board 49-26] cannot add Board Part xilinx.com:kc705:part0:1.6 available at C:/Xilinx/Vivado/2024.1/data/xhub/boards/XilinxBoardStore/boards/Xilinx/kc705/1.6/board.xml as part xc7k325tffg900-2 specified in board_part file is either invalid or not available
WARNING: [Board 49-26] cannot add Board Part xilinx.com:kc705:part0:1.7 available at C:/Xilinx/Vivado/2024.1/data/xhub/boards/XilinxBoardStore/boards/Xilinx/kc705/1.7/board.xml as part xc7k325tffg900-2 specified in board_part file is either invalid or not available
WARNING: [Board 49-26] cannot add Board Part xilinx.com:kcu105:part0:1.6 available at C:/Xilinx/Vivado/2024.1/data/xhub/boards/XilinxBoardStore/boards/Xilinx/kcu105/1.6/board.xml as part xcku040-ffva1156-2-e specified in board_part file is either invalid or not available
WARNING: [Board 49-26] cannot add Board Part xilinx.com:kcu105:part0:1.7 available at C:/Xilinx/Vivado/2024.1/data/xhub/boards/XilinxBoardStore/boards/Xilinx/kcu105/1.7/board.xml as part xcku040-ffva1156-2-e specified in board_part file is either invalid or not available
WARNING: [Board 49-26] cannot add Board Part xilinx.com:kcu1500:part0:1.2 available at C:/Xilinx/Vivado/2024.1/data/xhub/boards/XilinxBoardStore/boards/Xilinx/kcu1500/1.2/board.xml as part xcku115-flvb2104-2-e specified in board_part file is either invalid or not available
WARNING: [Board 49-26] cannot add Board Part xilinx.com:vc707:part0:1.4 available at C:/Xilinx/Vivado/2024.1/data/xhub/boards/XilinxBoardStore/boards/Xilinx/vc707/1.4/board.xml as part xc7vx485tffg1761-2 specified in board_part file is either invalid or not available
WARNING: [Board 49-26] cannot add Board Part xilinx.com:vc709:part0:1.8 available at C:/Xilinx/Vivado/2024.1/data/xhub/boards/XilinxBoardStore/boards/Xilinx/vc709/1.8/board.xml as part xc7vx690tffg1761-2 specified in board_part file is either invalid or not available
WARNING: [Board 49-26] cannot add Board Part xilinx.com:vck190:part0:2.2 available at C:/Xilinx/Vivado/2024.1/data/xhub/boards/XilinxBoardStore/boards/Xilinx/vck190/production/2.2/board.xml as part xcvc1902-vsva2197-2mp-e-s specified in board_part file is either invalid or not available
WARNING: [Board 49-26] cannot add Board Part xilinx.com:vck190:part0:3.0 available at C:/Xilinx/Vivado/2024.1/data/xhub/boards/XilinxBoardStore/boards/Xilinx/vck190/production/3.0/board.xml as part xcvc1902-vsva2197-2mp-e-s specified in board_part file is either invalid or not available
WARNING: [Board 49-26] cannot add Board Part xilinx.com:vck190:part0:3.1 available at C:/Xilinx/Vivado/2024.1/data/xhub/boards/XilinxBoardStore/boards/Xilinx/vck190/production/3.1/board.xml as part xcvc1902-vsva2197-2mp-e-s specified in board_part file is either invalid or not available
WARNING: [Board 49-26] cannot add Board Part xilinx.com:vck190:part0:3.2 available at C:/Xilinx/Vivado/2024.1/data/xhub/boards/XilinxBoardStore/boards/Xilinx/vck190/production/3.2/board.xml as part xcvc1902reset_run synth_1
INFO: [Project 1-1161] Replacing file X:/Bao/project_rough/project_rough.srcs/utils_1/imports/synth_1/vga_top.dcp with file X:/Bao/project_rough/project_rough.runs/synth_1/vga_top.dcp
WARNING: [Vivado 12-1017] Problems encountered:
1. Failed to delete one or more files in run directory X:/Bao/project_rough/project_rough.runs/synth_1

reset_runs: Time (s): cpu = 00:00:02 ; elapsed = 00:00:06 . Memory (MB): peak = 1700.855 ; gain = 0.000
launch_runs synth_1 -jobs 10
WARNING: [filemgmt 56-199] Attempt to get parsing info during refresh. "On-the-fly" syntax checking information may be incorrect. [X:\Bao\project_rough\project_rough.srcs\sources_1\new\letter_decoder.v:]
WARNING: [filemgmt 56-199] Attempt to get parsing info during refresh. "On-the-fly" syntax checking information may be incorrect. [X:\Bao\project_rough\project_rough.srcs\sources_1\new\vga_top.v:]
WARNING: [filemgmt 56-199] Attempt to get parsing info during refresh. "On-the-fly" syntax checking information may be incorrect. [X:\Bao\project_rough\project_rough.srcs\sources_1\new\vga_top.v:]
WARNING: [filemgmt 56-199] Attempt to get parsing info during refresh. "On-the-fly" syntax checking information may be incorrect. [X:\Bao\project_rough\project_rough.srcs\sources_1\new\vga_top.v:]
[Mon Dec  9 18:07:45 2024] Launched synth_1...
Run output will be captured here: X:/Bao/project_rough/project_rough.runs/synth_1/runme.log
ERROR: [Common 17-180] Spawn failed: No error
launch_runs impl_1 -jobs 10
[Mon Dec  9 18:09:01 2024] Launched impl_1...
Run output will be captured here: X:/Bao/project_rough/project_rough.runs/impl_1/runme.log
launch_runs impl_1 -to_step write_bitstream -jobs 10
[Mon Dec  9 18:10:07 2024] Launched impl_1...
Run output will be captured here: X:/Bao/project_rough/project_rough.runs/impl_1/runme.log
open_hw_manager
connect_hw_server -allow_non_jtag
INFO: [Labtools 27-2285] Connecting to hw_server url TCP:localhost:3121
INFO: [Labtools 27-2222] Launching hw_server...
INFO: [Labtools 27-2221] Launch Output:

****** Xilinx hw_server v2024.1.0
  **** Build date : Mar  6 2024 at 20:50:54
    ** Copyright 1986-2022 Xilinx, Inc. All Rights Reserved.


INFO: [Labtools 27-3415] Connecting to cs_server url TCP:localhost:0
INFO: [Labtools 27-3417] Launching cs_server...
INFO: [Labtools 27-2221] Launch Output:


******** Xilinx cs_server v2024.1.0
  ****** Build date   : Mar 08 2024-19:00:37
    **** Build number : 2024.1.1709942437
      ** Copyright 2017-2022 Xilinx, Inc. All Rights Reserved.
      ** Copyright 2022-2024 Advanced Micro Devices, Inc. All Rights Reserved.



connect_hw_server: Time (s): cpu = 00:00:00 ; elapsed = 00:00:06 . Memory (MB): peak = 1709.906 ; gain = 9.051
open_hw_target
INFO: [Labtoolstcl 44-466] Opening hw_target localhost:3121/xilinx_tcf/Digilent/210292B7F284A
set_property PROGRAM.FILE {X:/Bao/project_rough/project_rough.runs/impl_1/vga_top.bit} [get_hw_devices xc7a100t_0]
current_hw_device [get_hw_devices xc7a100t_0]
refresh_hw_device -update_hw_probes false [lindex [get_hw_devices xc7a100t_0] 0]
INFO: [Labtools 27-1434] Device xc7a100t (JTAG device index = 0) is programmed with a design that has no supported debug core(s) in it.
set_property PROBES.FILE {} [get_hw_devices xc7a100t_0]
set_property FULL_PROBES.FILE {} [get_hw_devices xc7a100t_0]
set_property PROGRAM.FILE {X:/Bao/project_rough/project_rough.runs/impl_1/vga_top.bit} [get_hw_devices xc7a100t_0]
program_hw_devices [get_hw_devices xc7a100t_0]
INFO: [Labtools 27-3164] End of startup status: HIGH
refresh_hw_device [lindex [get_hw_devices xc7a100t_0] 0]
INFO: [Labtools 27-1434] Device xc7a100t (JTAG device index = 0) is programmed with a design that has no supported debug core(s) in it.
close_hw_manager
reset_run synth_1
INFO: [Project 1-1161] Replacing file X:/Bao/project_rough/project_rough.srcs/utils_1/imports/synth_1/vga_top.dcp with file X:/Bao/project_rough/project_rough.runs/synth_1/vga_top.dcp
WARNING: [Vivado 12-1017] Problems encountered:
1. Failed to delete one or more files in run directory X:/Bao/project_rough/project_rough.runs/synth_1

launch_runs synth_1 -jobs 10
[Mon Dec  9 18:17:32 2024] Launched synth_1...
Run output will be captured here: X:/Bao/project_rough/project_rough.runs/synth_1/runme.log
WARNING: [filemgmt 56-199] Attempt to get parsing info during refresh. "On-the-fly" syntax checking information may be incorrect. [X:\Bao\project_rough\project_rough.srcs\sources_1\new\letter_decoder.v:]
WARNING: [filemgmt 56-199] Attempt to get parsing info during refresh. "On-the-fly" syntax checking information may be incorrect. [X:\Bao\project_rough\project_rough.srcs\sources_1\new\vga_top.v:]
WARNING: [filemgmt 56-199] Attempt to get parsing info during refresh. "On-the-fly" syntax checking information may be incorrect. [X:\Bao\project_rough\project_rough.srcs\sources_1\new\letter_decoder.v:]
WARNING: [filemgmt 56-199] Attempt to get parsing info during refresh. "On-the-fly" syntax checking information may be incorrect. [X:\Bao\project_rough\project_rough.srcs\sources_1\new\letter_decoder.v:]
ERROR: [Common 17-180] Spawn failed: No error
launch_runs impl_1 -jobs 10
[Mon Dec  9 18:18:34 2024] Launched impl_1...
Run output will be captured here: X:/Bao/project_rough/project_rough.runs/impl_1/runme.log
launch_runs impl_1 -to_step write_bitstream -jobs 10
[Mon Dec  9 18:19:40 2024] Launched impl_1...
Run output will be captured here: X:/Bao/project_rough/project_rough.runs/impl_1/runme.log
open_hw_manager
connect_hw_server -allow_non_jtag
INFO: [Labtools 27-2285] Connecting to hw_server url TCP:localhost:3121
INFO: [Labtools 27-2222] Launching hw_server...
INFO: [Labtools 27-2221] Launch Output:

****** Xilinx hw_server v2024.1.0
  **** Build date : Mar  6 2024 at 20:50:54
    ** Copyright 1986-2022 Xilinx, Inc. All Rights Reserved.


INFO: [Labtools 27-3415] Connecting to cs_server url TCP:localhost:0
INFO: [Labtools 27-3417] Launching cs_server...
INFO: [Labtools 27-2221] Launch Output:


******** Xilinx cs_server v2024.1.0
  ****** Build date   : Mar 08 2024-19:00:37
    **** Build number : 2024.1.1709942437
      ** Copyright 2017-2022 Xilinx, Inc. All Rights Reserved.
      ** Copyright 2022-2024 Advanced Micro Devices, Inc. All Rights Reserved.



connect_hw_server: Time (s): cpu = 00:00:01 ; elapsed = 00:00:05 . Memory (MB): peak = 1800.520 ; gain = 0.000
open_hw_target
INFO: [Labtoolstcl 44-466] Opening hw_target localhost:3121/xilinx_tcf/Digilent/210292B7F284A
set_property PROGRAM.FILE {X:/Bao/project_rough/project_rough.runs/impl_1/vga_top.bit} [get_hw_devices xc7a100t_0]
current_hw_device [get_hw_devices xc7a100t_0]
refresh_hw_device -update_hw_probes false [lindex [get_hw_devices xc7a100t_0] 0]
INFO: [Labtools 27-1434] Device xc7a100t (JTAG device index = 0) is programmed with a design that has no supported debug core(s) in it.
set_property PROBES.FILE {} [get_hw_devices xc7a100t_0]
set_property FULL_PROBES.FILE {} [get_hw_devices xc7a100t_0]
set_property PROGRAM.FILE {X:/Bao/project_rough/project_rough.runs/impl_1/vga_top.bit} [get_hw_devices xc7a100t_0]
program_hw_devices [get_hw_devices xc7a100t_0]
INFO: [Labtools 27-3164] End of startup status: HIGH
refresh_hw_device [lindex [get_hw_devices xc7a100t_0] 0]
INFO: [Labtools 27-1434] Device xc7a100t (JTAG device index = 0) is programmed with a design that has no supported debug core(s) in it.
close_hw_manager
WARNING: [filemgmt 56-199] Attempt to get parsing info during refresh. "On-the-fly" syntax checking information may be incorrect. [X:\Bao\project_rough\project_rough.srcs\sources_1\new\letter_decoder.v:]
WARNING: [filemgmt 56-199] Attempt to get parsing info during refresh. "On-the-fly" syntax checking information may be incorrect. [X:\Bao\project_rough\project_rough.srcs\sources_1\new\vga_top.v:]
WARNING: [filemgmt 56-199] Attempt to get parsing info during refresh. "On-the-fly" syntax checking information may be incorrect. [X:\Bao\project_rough\project_rough.srcs\sources_1\new\letter_decoder.v:]
WARNING: [filemgmt 56-199] Attempt to get parsing info during refresh. "On-the-fly" syntax checking information may be incorrect. [X:\Bao\project_rough\project_rough.srcs\sources_1\new\letter_decoder.v:]
ERROR: [Common 17-180] Spawn failed: No error
WARNING: [filemgmt 56-199] Attempt to get parsing info during refresh. "On-the-fly" syntax checking information may be incorrect. [X:\Bao\project_rough\project_rough.srcs\sources_1\new\letter_decoder.v:]
WARNING: [filemgmt 56-199] Attempt to get parsing info during refresh. "On-the-fly" syntax checking information may be incorrect. [X:\Bao\project_rough\project_rough.srcs\sources_1\new\vga_top.v:]
WARNING: [filemgmt 56-199] Attempt to get parsing info during refresh. "On-the-fly" syntax checking information may be incorrect. [X:\Bao\project_rough\project_rough.srcs\sources_1\new\letter_decoder.v:]
WARNING: [filemgmt 56-199] Attempt to get parsing info during refresh. "On-the-fly" syntax checking information may be incorrect. [X:\Bao\project_rough\project_rough.srcs\sources_1\new\letter_decoder.v:]
ERROR: [Common 17-180] Spawn failed: No error
WARNING: [filemgmt 56-199] Attempt to get parsing info during refresh. "On-the-fly" syntax checking information may be incorrect. [X:\Bao\project_rough\project_rough.srcs\sources_1\new\letter_decoder.v:]
WARNING: [filemgmt 56-199] Attempt to get parsing info during refresh. "On-the-fly" syntax checking information may be incorrect. [X:\Bao\project_rough\project_rough.srcs\sources_1\new\vga_top.v:]
WARNING: [filemgmt 56-199] Attempt to get parsing info during refresh. "On-the-fly" syntax checking information may be incorrect. [X:\Bao\project_rough\project_rough.srcs\sources_1\new\letter_decoder.v:]
WARNING: [filemgmt 56-199] Attempt to get parsing info during refresh. "On-the-fly" syntax checking information may be incorrect. [X:\Bao\project_rough\project_rough.srcs\sources_1\new\letter_decoder.v:]
ERROR: [Common 17-180] Spawn failed: No error
WARNING: [filemgmt 56-199] Attempt to get parsing info during refresh. "On-the-fly" syntax checking information may be incorrect. [X:\Bao\project_rough\project_rough.srcs\sources_1\new\letter_decoder.v:]
WARNING: [filemgmt 56-199] Attempt to get parsing info during refresh. "On-the-fly" syntax checking information may be incorrect. [X:\Bao\project_rough\project_rough.srcs\sources_1\new\vga_top.v:]
WARNING: [filemgmt 56-199] Attempt to get parsing info during refresh. "On-the-fly" syntax checking information may be incorrect. [X:\Bao\project_rough\project_rough.srcs\sources_1\new\letter_decoder.v:]
WARNING: [filemgmt 56-199] Attempt to get parsing info during refresh. "On-the-fly" syntax checking information may be incorrect. [X:\Bao\project_rough\project_rough.srcs\sources_1\new\letter_decoder.v:]
ERROR: [Common 17-180] Spawn failed: No error
WARNING: [filemgmt 56-199] Attempt to get parsing info during refresh. "On-the-fly" syntax checking information may be incorrect. [X:\Bao\project_rough\project_rough.srcs\sources_1\new\letter_decoder.v:]
WARNING: [filemgmt 56-199] Attempt to get parsing info during refresh. "On-the-fly" syntax checking information may be incorrect. [X:\Bao\project_rough\project_rough.srcs\sources_1\new\vga_top.v:]
WARNING: [filemgmt 56-199] Attempt to get parsing info during refresh. "On-the-fly" syntax checking information may be incorrect. [X:\Bao\project_rough\project_rough.srcs\sources_1\new\letter_decoder.v:]
WARNING: [filemgmt 56-199] Attempt to get parsing info during refresh. "On-the-fly" syntax checking information may be incorrect. [X:\Bao\project_rough\project_rough.srcs\sources_1\new\letter_decoder.v:]
ERROR: [Common 17-180] Spawn failed: No error
WARNING: [filemgmt 56-199] Attempt to get parsing info during refresh. "On-the-fly" syntax checking information may be incorrect. [X:\Bao\project_rough\project_rough.srcs\sources_1\new\letter_decoder.v:]
WARNING: [filemgmt 56-199] Attempt to get parsing info during refresh. "On-the-fly" syntax checking information may be incorrect. [X:\Bao\project_rough\project_rough.srcs\sources_1\new\vga_top.v:]
WARNING: [filemgmt 56-199] Attempt to get parsing info during refresh. "On-the-fly" syntax checking information may be incorrect. [X:\Bao\project_rough\project_rough.srcs\sources_1\new\letter_decoder.v:]
WARNING: [filemgmt 56-199] Attempt to get parsing info during refresh. "On-the-fly" syntax checking information may be incorrect. [X:\Bao\project_rough\project_rough.srcs\sources_1\new\letter_decoder.v:]
ERROR: [Common 17-180] Spawn failed: No error
WARNING: [filemgmt 56-199] Attempt to get parsing info during refresh. "On-the-fly" syntax checking information may be incorrect. [X:\Bao\project_rough\project_rough.srcs\sources_1\new\letter_decoder.v:]
WARNING: [filemgmt 56-199] Attempt to get parsing info during refresh. "On-the-fly" syntax checking information may be incorrect. [X:\Bao\project_rough\project_rough.srcs\sources_1\new\vga_top.v:]
WARNING: [filemgmt 56-199] Attempt to get parsing info during refresh. "On-the-fly" syntax checking information may be incorrect. [X:\Bao\project_rough\project_rough.srcs\sources_1\new\vga_top.v:]
WARNING: [filemgmt 56-199] Attempt to get parsing info during refresh. "On-the-fly" syntax checking information may be incorrect. [X:\Bao\project_rough\project_rough.srcs\sources_1\new\vga_top.v:]
ERROR: [Common 17-180] Spawn failed: No error
WARNING: [filemgmt 56-199] Attempt to get parsing info during refresh. "On-the-fly" syntax checking information may be incorrect. [X:\Bao\project_rough\project_rough.srcs\sources_1\new\letter_decoder.v:]
WARNING: [filemgmt 56-199] Attempt to get parsing info during refresh. "On-the-fly" syntax checking information may be incorrect. [X:\Bao\project_rough\project_rough.srcs\sources_1\new\vga_top.v:]
WARNING: [filemgmt 56-199] Attempt to get parsing info during refresh. "On-the-fly" syntax checking information may be incorrect. [X:\Bao\project_rough\project_rough.srcs\sources_1\new\letter_decoder.v:]
WARNING: [filemgmt 56-199] Attempt to get parsing info during refresh. "On-the-fly" syntax checking information may be incorrect. [X:\Bao\project_rough\project_rough.srcs\sources_1\new\letter_decoder.v:]
ERROR: [Common 17-180] Spawn failed: No error
reset_run synth_1
INFO: [Project 1-1161] Replacing file X:/Bao/project_rough/project_rough.srcs/utils_1/imports/synth_1/vga_top.dcp with file X:/Bao/project_rough/project_rough.runs/synth_1/vga_top.dcp
WARNING: [Vivado 12-1017] Problems encountered:
1. Failed to delete one or more files in run directory X:/Bao/project_rough/project_rough.runs/synth_1

launch_runs synth_1 -jobs 10
WARNING: [filemgmt 56-199] Attempt to get parsing info during refresh. "On-the-fly" syntax checking information may be incorrect. [X:\Bao\project_rough\project_rough.srcs\sources_1\new\letter_decoder.v:]
WARNING: [filemgmt 56-199] Attempt to get parsing info during refresh. "On-the-fly" syntax checking information may be incorrect. [X:\Bao\project_rough\project_rough.srcs\sources_1\new\vga_top.v:]
WARNING: [filemgmt 56-199] Attempt to get parsing info during refresh. "On-the-fly" syntax checking information may be incorrect. [X:\Bao\project_rough\project_rough.srcs\sources_1\new\letter_decoder.v:]
WARNING: [filemgmt 56-199] Attempt to get parsing info during refresh. "On-the-fly" syntax checking information may be incorrect. [X:\Bao\project_rough\project_rough.srcs\sources_1\new\letter_decoder.v:]
[Mon Dec  9 18:39:57 2024] Launched synth_1...
Run output will be captured here: X:/Bao/project_rough/project_rough.runs/synth_1/runme.log
ERROR: [Common 17-180] Spawn failed: No error
launch_runs impl_1 -jobs 10
[Mon Dec  9 18:41:01 2024] Launched impl_1...
Run output will be captured here: X:/Bao/project_rough/project_rough.runs/impl_1/runme.log
launch_runs impl_1 -to_step write_bitstream -jobs 10
[Mon Dec  9 18:42:07 2024] Launched impl_1...
Run output will be captured here: X:/Bao/project_rough/project_rough.runs/impl_1/runme.log
open_hw_manager
connect_hw_server -allow_non_jtag
INFO: [Labtools 27-2285] Connecting to hw_server url TCP:localhost:3121
INFO: [Labtools 27-2222] Launching hw_server...
INFO: [Labtools 27-2221] Launch Output:

****** Xilinx hw_server v2024.1.0
  **** Build date : Mar  6 2024 at 20:50:54
    ** Copyright 1986-2022 Xilinx, Inc. All Rights Reserved.


INFO: [Labtools 27-3415] Connecting to cs_server url TCP:localhost:0
INFO: [Labtools 27-3417] Launching cs_server...
INFO: [Labtools 27-2221] Launch Output:


******** Xilinx cs_server v2024.1.0
  ****** Build date   : Mar 08 2024-19:00:37
    **** Build number : 2024.1.1709942437
      ** Copyright 2017-2022 Xilinx, Inc. All Rights Reserved.
      ** Copyright 2022-2024 Advanced Micro Devices, Inc. All Rights Reserved.



connect_hw_server: Time (s): cpu = 00:00:00 ; elapsed = 00:00:05 . Memory (MB): peak = 1804.586 ; gain = 0.000
open_hw_target
INFO: [Labtoolstcl 44-466] Opening hw_target localhost:3121/xilinx_tcf/Digilent/210292B7F284A
set_property PROGRAM.FILE {X:/Bao/project_rough/project_rough.runs/impl_1/vga_top.bit} [get_hw_devices xc7a100t_0]
current_hw_device [get_hw_devices xc7a100t_0]
refresh_hw_device -update_hw_probes false [lindex [get_hw_devices xc7a100t_0] 0]
INFO: [Labtools 27-1434] Device xc7a100t (JTAG device index = 0) is programmed with a design that has no supported debug core(s) in it.
set_property PROBES.FILE {} [get_hw_devices xc7a100t_0]
set_property FULL_PROBES.FILE {} [get_hw_devices xc7a100t_0]
set_property PROGRAM.FILE {X:/Bao/project_rough/project_rough.runs/impl_1/vga_top.bit} [get_hw_devices xc7a100t_0]
program_hw_devices [get_hw_devices xc7a100t_0]
INFO: [Labtools 27-3164] End of startup status: HIGH
refresh_hw_device [lindex [get_hw_devices xc7a100t_0] 0]
INFO: [Labtools 27-1434] Device xc7a100t (JTAG device index = 0) is programmed with a design that has no supported debug core(s) in it.
close_hw_manager
WARNING: [filemgmt 56-199] Attempt to get parsing info during refresh. "On-the-fly" syntax checking information may be incorrect. [X:\Bao\project_rough\project_rough.srcs\sources_1\new\letter_decoder.v:]
WARNING: [filemgmt 56-199] Attempt to get parsing info during refresh. "On-the-fly" syntax checking information may be incorrect. [X:\Bao\project_rough\project_rough.srcs\sources_1\new\vga_top.v:]
WARNING: [filemgmt 56-199] Attempt to get parsing info during refresh. "On-the-fly" syntax checking information may be incorrect. [X:\Bao\project_rough\project_rough.srcs\sources_1\new\letter_decoder.v:]
WARNING: [filemgmt 56-199] Attempt to get parsing info during refresh. "On-the-fly" syntax checking information may be incorrect. [X:\Bao\project_rough\project_rough.srcs\sources_1\new\letter_decoder.v:]
ERROR: [Common 17-180] Spawn failed: No error
WARNING: [filemgmt 56-199] Attempt to get parsing info during refresh. "On-the-fly" syntax checking information may be incorrect. [X:\Bao\project_rough\project_rough.srcs\sources_1\new\letter_decoder.v:]
WARNING: [filemgmt 56-199] Attempt to get parsing info during refresh. "On-the-fly" syntax checking information may be incorrect. [X:\Bao\project_rough\project_rough.srcs\sources_1\new\vga_top.v:]
WARNING: [filemgmt 56-199] Attempt to get parsing info during refresh. "On-the-fly" syntax checking information may be incorrect. [X:\Bao\project_rough\project_rough.srcs\sources_1\new\vga_top.v:]
WARNING: [filemgmt 56-199] Attempt to get parsing info during refresh. "On-the-fly" syntax checking information may be incorrect. [X:\Bao\project_rough\project_rough.srcs\sources_1\new\vga_top.v:]
ERROR: [Common 17-180] Spawn failed: No error
reset_run synth_1
INFO: [Project 1-1161] Replacing file X:/Bao/project_rough/project_rough.srcs/utils_1/imports/synth_1/vga_top.dcp with file X:/Bao/project_rough/project_rough.runs/synth_1/vga_top.dcp
WARNING: [Vivado 12-1017] Problems encountered:
1. Failed to delete one or more files in run directory X:/Bao/project_rough/project_rough.runs/synth_1

launch_runs synth_1 -jobs 10
WARNING: [filemgmt 56-199] Attempt to get parsing info during refresh. "On-the-fly" syntax checking information may be incorrect. [X:\Bao\project_rough\project_rough.srcs\sources_1\new\letter_decoder.v:]
WARNING: [filemgmt 56-199] Attempt to get parsing info during refresh. "On-the-fly" syntax checking information may be incorrect. [X:\Bao\project_rough\project_rough.srcs\sources_1\new\vga_top.v:]
WARNING: [filemgmt 56-199] Attempt to get parsing info during refresh. "On-the-fly" syntax checking information may be incorrect. [X:\Bao\project_rough\project_rough.srcs\sources_1\new\letter_decoder.v:]
WARNING: [filemgmt 56-199] Attempt to get parsing info during refresh. "On-the-fly" syntax checking information may be incorrect. [X:\Bao\project_rough\project_rough.srcs\sources_1\new\letter_decoder.v:]
[Mon Dec  9 18:58:35 2024] Launched synth_1...
Run output will be captured here: X:/Bao/project_rough/project_rough.runs/synth_1/runme.log
ERROR: [Common 17-180] Spawn failed: No error
launch_runs impl_1 -jobs 10
[Mon Dec  9 18:59:36 2024] Launched impl_1...
Run output will be captured here: X:/Bao/project_rough/project_rough.runs/impl_1/runme.log
launch_runs impl_1 -to_step write_bitstream -jobs 10
[Mon Dec  9 19:01:33 2024] Launched impl_1...
Run output will be captured here: X:/Bao/project_rough/project_rough.runs/impl_1/runme.log
open_hw_manager
connect_hw_server -allow_non_jtag
INFO: [Labtools 27-2285] Connecting to hw_server url TCP:localhost:3121
INFO: [Labtools 27-2222] Launching hw_server...
INFO: [Labtools 27-2221] Launch Output:

****** Xilinx hw_server v2024.1.0
  **** Build date : Mar  6 2024 at 20:50:54
    ** Copyright 1986-2022 Xilinx, Inc. All Rights Reserved.


INFO: [Labtools 27-3415] Connecting to cs_server url TCP:localhost:0
INFO: [Labtools 27-3417] Launching cs_server...
INFO: [Labtools 27-2221] Launch Output:


******** Xilinx cs_server v2024.1.0
  ****** Build date   : Mar 08 2024-19:00:37
    **** Build number : 2024.1.1709942437
      ** Copyright 2017-2022 Xilinx, Inc. All Rights Reserved.
      ** Copyright 2022-2024 Advanced Micro Devices, Inc. All Rights Reserved.



connect_hw_server: Time (s): cpu = 00:00:00 ; elapsed = 00:00:06 . Memory (MB): peak = 1815.934 ; gain = 0.000
open_hw_target
INFO: [Labtoolstcl 44-466] Opening hw_target localhost:3121/xilinx_tcf/Digilent/210292B7F284A
set_property PROGRAM.FILE {X:/Bao/project_rough/project_rough.runs/impl_1/vga_top.bit} [get_hw_devices xc7a100t_0]
current_hw_device [get_hw_devices xc7a100t_0]
refresh_hw_device -update_hw_probes false [lindex [get_hw_devices xc7a100t_0] 0]
INFO: [Labtools 27-1434] Device xc7a100t (JTAG device index = 0) is programmed with a design that has no supported debug core(s) in it.
set_property PROBES.FILE {} [get_hw_devices xc7a100t_0]
set_property FULL_PROBES.FILE {} [get_hw_devices xc7a100t_0]
set_property PROGRAM.FILE {X:/Bao/project_rough/project_rough.runs/impl_1/vga_top.bit} [get_hw_devices xc7a100t_0]
program_hw_devices [get_hw_devices xc7a100t_0]
INFO: [Labtools 27-3164] End of startup status: HIGH
refresh_hw_device [lindex [get_hw_devices xc7a100t_0] 0]
INFO: [Labtools 27-1434] Device xc7a100t (JTAG device index = 0) is programmed with a design that has no supported debug core(s) in it.
close_hw_manager
WARNING: [filemgmt 56-199] Attempt to get parsing info during refresh. "On-the-fly" syntax checking information may be incorrect. [X:\Bao\project_rough\project_rough.srcs\sources_1\new\letter_decoder.v:]
WARNING: [filemgmt 56-199] Attempt to get parsing info during refresh. "On-the-fly" syntax checking information may be incorrect. [X:\Bao\project_rough\project_rough.srcs\sources_1\new\vga_top.v:]
WARNING: [filemgmt 56-199] Attempt to get parsing info during refresh. "On-the-fly" syntax checking information may be incorrect. [X:\Bao\project_rough\project_rough.srcs\sources_1\new\letter_decoder.v:]
WARNING: [filemgmt 56-199] Attempt to get parsing info during refresh. "On-the-fly" syntax checking information may be incorrect. [X:\Bao\project_rough\project_rough.srcs\sources_1\new\letter_decoder.v:]
ERROR: [Common 17-180] Spawn failed: No error
WARNING: [filemgmt 56-199] Attempt to get parsing info during refresh. "On-the-fly" syntax checking information may be incorrect. [X:\Bao\project_rough\project_rough.srcs\sources_1\new\letter_decoder.v:]
WARNING: [filemgmt 56-199] Attempt to get parsing info during refresh. "On-the-fly" syntax checking information may be incorrect. [X:\Bao\project_rough\project_rough.srcs\sources_1\new\vga_top.v:]
WARNING: [filemgmt 56-199] Attempt to get parsing info during refresh. "On-the-fly" syntax checking information may be incorrect. [X:\Bao\project_rough\project_rough.srcs\sources_1\new\letter_decoder.v:]
WARNING: [filemgmt 56-199] Attempt to get parsing info during refresh. "On-the-fly" syntax checking information may be incorrect. [X:\Bao\project_rough\project_rough.srcs\sources_1\new\letter_decoder.v:]
ERROR: [Common 17-180] Spawn failed: No error
reset_run synth_1
INFO: [Project 1-1161] Replacing file X:/Bao/project_rough/project_rough.srcs/utils_1/imports/synth_1/vga_top.dcp with file X:/Bao/project_rough/project_rough.runs/synth_1/vga_top.dcp
WARNING: [Vivado 12-1017] Problems encountered:
1. Failed to delete one or more files in run directory X:/Bao/project_rough/project_rough.runs/synth_1

launch_runs synth_1 -jobs 10
WARNING: [filemgmt 56-199] Attempt to get parsing info during refresh. "On-the-fly" syntax checking information may be incorrect. [X:\Bao\project_rough\project_rough.srcs\sources_1\new\letter_decoder.v:]
WARNING: [filemgmt 56-199] Attempt to get parsing info during refresh. "On-the-fly" syntax checking information may be incorrect. [X:\Bao\project_rough\project_rough.srcs\sources_1\new\vga_top.v:]
WARNING: [filemgmt 56-199] Attempt to get parsing info during refresh. "On-the-fly" syntax checking information may be incorrect. [X:\Bao\project_rough\project_rough.srcs\sources_1\new\letter_decoder.v:]
WARNING: [filemgmt 56-199] Attempt to get parsing info during refresh. "On-the-fly" syntax checking information may be incorrect. [X:\Bao\project_rough\project_rough.srcs\sources_1\new\letter_decoder.v:]
[Mon Dec  9 19:08:37 2024] Launched synth_1...
Run output will be captured here: X:/Bao/project_rough/project_rough.runs/synth_1/runme.log
ERROR: [Common 17-180] Spawn failed: No error
launch_runs impl_1 -jobs 10
[Mon Dec  9 19:09:43 2024] Launched impl_1...
Run output will be captured here: X:/Bao/project_rough/project_rough.runs/impl_1/runme.log
launch_runs impl_1 -to_step write_bitstream -jobs 10
[Mon Dec  9 19:10:51 2024] Launched impl_1...
Run output will be captured here: X:/Bao/project_rough/project_rough.runs/impl_1/runme.log
open_hw_manager
connect_hw_server -allow_non_jtag
INFO: [Labtools 27-2285] Connecting to hw_server url TCP:localhost:3121
INFO: [Labtools 27-2222] Launching hw_server...
INFO: [Labtools 27-2221] Launch Output:

****** Xilinx hw_server v2024.1.0
  **** Build date : Mar  6 2024 at 20:50:54
    ** Copyright 1986-2022 Xilinx, Inc. All Rights Reserved.


INFO: [Labtools 27-3415] Connecting to cs_server url TCP:localhost:0
INFO: [Labtools 27-3417] Launching cs_server...
INFO: [Labtools 27-2221] Launch Output:


******** Xilinx cs_server v2024.1.0
  ****** Build date   : Mar 08 2024-19:00:37
    **** Build number : 2024.1.1709942437
      ** Copyright 2017-2022 Xilinx, Inc. All Rights Reserved.
      ** Copyright 2022-2024 Advanced Micro Devices, Inc. All Rights Reserved.



connect_hw_server: Time (s): cpu = 00:00:00 ; elapsed = 00:00:06 . Memory (MB): peak = 1815.934 ; gain = 0.000
open_hw_target
INFO: [Labtoolstcl 44-466] Opening hw_target localhost:3121/xilinx_tcf/Digilent/210292B7F284A
set_property PROGRAM.FILE {X:/Bao/project_rough/project_rough.runs/impl_1/vga_top.bit} [get_hw_devices xc7a100t_0]
current_hw_device [get_hw_devices xc7a100t_0]
refresh_hw_device -update_hw_probes false [lindex [get_hw_devices xc7a100t_0] 0]
INFO: [Labtools 27-1434] Device xc7a100t (JTAG device index = 0) is programmed with a design that has no supported debug core(s) in it.
set_property PROBES.FILE {} [get_hw_devices xc7a100t_0]
set_property FULL_PROBES.FILE {} [get_hw_devices xc7a100t_0]
set_property PROGRAM.FILE {X:/Bao/project_rough/project_rough.runs/impl_1/vga_top.bit} [get_hw_devices xc7a100t_0]
program_hw_devices [get_hw_devices xc7a100t_0]
INFO: [Labtools 27-3164] End of startup status: HIGH
refresh_hw_device [lindex [get_hw_devices xc7a100t_0] 0]
INFO: [Labtools 27-1434] Device xc7a100t (JTAG device index = 0) is programmed with a design that has no supported debug core(s) in it.
close_hw_manager
WARNING: [filemgmt 56-199] Attempt to get parsing info during refresh. "On-the-fly" syntax checking information may be incorrect. [X:\Bao\project_rough\project_rough.srcs\sources_1\new\letter_decoder.v:]
WARNING: [filemgmt 56-199] Attempt to get parsing info during refresh. "On-the-fly" syntax checking information may be incorrect. [X:\Bao\project_rough\project_rough.srcs\sources_1\new\vga_top.v:]
WARNING: [filemgmt 56-199] Attempt to get parsing info during refresh. "On-the-fly" syntax checking information may be incorrect. [X:\Bao\project_rough\project_rough.srcs\sources_1\new\letter_decoder.v:]
WARNING: [filemgmt 56-199] Attempt to get parsing info during refresh. "On-the-fly" syntax checking information may be incorrect. [X:\Bao\project_rough\project_rough.srcs\sources_1\new\letter_decoder.v:]
ERROR: [Common 17-180] Spawn failed: No error
reset_run synth_1
INFO: [Project 1-1161] Replacing file X:/Bao/project_rough/project_rough.srcs/utils_1/imports/synth_1/vga_top.dcp with file X:/Bao/project_rough/project_rough.runs/synth_1/vga_top.dcp
WARNING: [Vivado 12-1017] Problems encountered:
1. Failed to delete one or more files in run directory X:/Bao/project_rough/project_rough.runs/synth_1

launch_runs synth_1 -jobs 10
WARNING: [filemgmt 56-199] Attempt to get parsing info during refresh. "On-the-fly" syntax checking information may be incorrect. [X:\Bao\project_rough\project_rough.srcs\sources_1\new\letter_decoder.v:]
WARNING: [filemgmt 56-199] Attempt to get parsing info during refresh. "On-the-fly" syntax checking information may be incorrect. [X:\Bao\project_rough\project_rough.srcs\sources_1\new\vga_top.v:]
WARNING: [filemgmt 56-199] Attempt to get parsing info during refresh. "On-the-fly" syntax checking information may be incorrect. [X:\Bao\project_rough\project_rough.srcs\sources_1\new\letter_decoder.v:]
WARNING: [filemgmt 56-199] Attempt to get parsing info during refresh. "On-the-fly" syntax checking information may be incorrect. [X:\Bao\project_rough\project_rough.srcs\sources_1\new\letter_decoder.v:]
[Mon Dec  9 19:24:29 2024] Launched synth_1...
Run output will be captured here: X:/Bao/project_rough/project_rough.runs/synth_1/runme.log
ERROR: [Common 17-180] Spawn failed: No error
launch_runs impl_1 -jobs 10
[Mon Dec  9 19:25:29 2024] Launched impl_1...
Run output will be captured here: X:/Bao/project_rough/project_rough.runs/impl_1/runme.log
launch_runs impl_1 -to_step write_bitstream -jobs 10
[Mon Dec  9 19:26:44 2024] Launched impl_1...
Run output will be captured here: X:/Bao/project_rough/project_rough.runs/impl_1/runme.log
open_hw_manager
connect_hw_server -allow_non_jtag
INFO: [Labtools 27-2285] Connecting to hw_server url TCP:localhost:3121
INFO: [Labtools 27-2222] Launching hw_server...
INFO: [Labtools 27-2221] Launch Output:

****** Xilinx hw_server v2024.1.0
  **** Build date : Mar  6 2024 at 20:50:54
    ** Copyright 1986-2022 Xilinx, Inc. All Rights Reserved.


INFO: [Labtools 27-3415] Connecting to cs_server url TCP:localhost:0
INFO: [Labtools 27-3417] Launching cs_server...
INFO: [Labtools 27-2221] Launch Output:


******** Xilinx cs_server v2024.1.0
  ****** Build date   : Mar 08 2024-19:00:37
    **** Build number : 2024.1.1709942437
      ** Copyright 2017-2022 Xilinx, Inc. All Rights Reserved.
      ** Copyright 2022-2024 Advanced Micro Devices, Inc. All Rights Reserved.



connect_hw_server: Time (s): cpu = 00:00:00 ; elapsed = 00:00:06 . Memory (MB): peak = 1823.023 ; gain = 0.000
open_hw_target
INFO: [Labtoolstcl 44-466] Opening hw_target localhost:3121/xilinx_tcf/Digilent/210292B7F284A
set_property PROGRAM.FILE {X:/Bao/project_rough/project_rough.runs/impl_1/vga_top.bit} [get_hw_devices xc7a100t_0]
current_hw_device [get_hw_devices xc7a100t_0]
refresh_hw_device -update_hw_probes false [lindex [get_hw_devices xc7a100t_0] 0]
INFO: [Labtools 27-1434] Device xc7a100t (JTAG device index = 0) is programmed with a design that has no supported debug core(s) in it.
set_property PROBES.FILE {} [get_hw_devices xc7a100t_0]
set_property FULL_PROBES.FILE {} [get_hw_devices xc7a100t_0]
set_property PROGRAM.FILE {X:/Bao/project_rough/project_rough.runs/impl_1/vga_top.bit} [get_hw_devices xc7a100t_0]
program_hw_devices [get_hw_devices xc7a100t_0]
INFO: [Labtools 27-3164] End of startup status: HIGH
refresh_hw_device [lindex [get_hw_devices xc7a100t_0] 0]
INFO: [Labtools 27-1434] Device xc7a100t (JTAG device index = 0) is programmed with a design that has no supported debug core(s) in it.
close_hw_manager
WARNING: [filemgmt 56-199] Attempt to get parsing info during refresh. "On-the-fly" syntax checking information may be incorrect. [X:\Bao\project_rough\project_rough.srcs\sources_1\new\letter_decoder.v:]
WARNING: [filemgmt 56-199] Attempt to get parsing info during refresh. "On-the-fly" syntax checking information may be incorrect. [X:\Bao\project_rough\project_rough.srcs\sources_1\new\vga_top.v:]
WARNING: [filemgmt 56-199] Attempt to get parsing info during refresh. "On-the-fly" syntax checking information may be incorrect. [X:\Bao\project_rough\project_rough.srcs\sources_1\new\letter_decoder.v:]
WARNING: [filemgmt 56-199] Attempt to get parsing info during refresh. "On-the-fly" syntax checking information may be incorrect. [X:\Bao\project_rough\project_rough.srcs\sources_1\new\letter_decoder.v:]
ERROR: [Common 17-180] Spawn failed: No error
reset_run synth_1
INFO: [Project 1-1161] Replacing file X:/Bao/project_rough/project_rough.srcs/utils_1/imports/synth_1/vga_top.dcp with file X:/Bao/project_rough/project_rough.runs/synth_1/vga_top.dcp
WARNING: [Vivado 12-1017] Problems encountered:
1. Failed to delete one or more files in run directory X:/Bao/project_rough/project_rough.runs/synth_1

launch_runs synth_1 -jobs 10
WARNING: [filemgmt 56-199] Attempt to get parsing info during refresh. "On-the-fly" syntax checking information may be incorrect. [X:\Bao\project_rough\project_rough.srcs\sources_1\new\letter_decoder.v:]
WARNING: [filemgmt 56-199] Attempt to get parsing info during refresh. "On-the-fly" syntax checking information may be incorrect. [X:\Bao\project_rough\project_rough.srcs\sources_1\new\vga_top.v:]
WARNING: [filemgmt 56-199] Attempt to get parsing info during refresh. "On-the-fly" syntax checking information may be incorrect. [X:\Bao\project_rough\project_rough.srcs\sources_1\new\letter_decoder.v:]
WARNING: [filemgmt 56-199] Attempt to get parsing info during refresh. "On-the-fly" syntax checking information may be incorrect. [X:\Bao\project_rough\project_rough.srcs\sources_1\new\letter_decoder.v:]
[Mon Dec  9 19:42:24 2024] Launched synth_1...
Run output will be captured here: X:/Bao/project_rough/project_rough.runs/synth_1/runme.log
ERROR: [Common 17-180] Spawn failed: No error
launch_runs impl_1 -jobs 10
[Mon Dec  9 19:45:01 2024] Launched impl_1...
Run output will be captured here: X:/Bao/project_rough/project_rough.runs/impl_1/runme.log
reset_run synth_1
INFO: [Project 1-1161] Replacing file X:/Bao/project_rough/project_rough.srcs/utils_1/imports/synth_1/vga_top.dcp with file X:/Bao/project_rough/project_rough.runs/synth_1/vga_top.dcp
WARNING: [Vivado 12-1017] Problems encountered:
1. Failed to delete one or more files in run directory X:/Bao/project_rough/project_rough.runs/synth_1

launch_runs synth_1 -jobs 10
WARNING: [filemgmt 56-199] Attempt to get parsing info during refresh. "On-the-fly" syntax checking information may be incorrect. [X:\Bao\project_rough\project_rough.srcs\sources_1\new\letter_decoder.v:]
WARNING: [filemgmt 56-199] Attempt to get parsing info during refresh. "On-the-fly" syntax checking information may be incorrect. [X:\Bao\project_rough\project_rough.srcs\sources_1\new\vga_top.v:]
WARNING: [filemgmt 56-199] Attempt to get parsing info during refresh. "On-the-fly" syntax checking information may be incorrect. [X:\Bao\project_rough\project_rough.srcs\sources_1\new\letter_decoder.v:]
WARNING: [filemgmt 56-199] Attempt to get parsing info during refresh. "On-the-fly" syntax checking information may be incorrect. [X:\Bao\project_rough\project_rough.srcs\sources_1\new\letter_decoder.v:]
[Mon Dec  9 19:46:18 2024] Launched synth_1...
Run output will be captured here: X:/Bao/project_rough/project_rough.runs/synth_1/runme.log
ERROR: [Common 17-180] Spawn failed: No error
launch_runs impl_1 -jobs 10
[Mon Dec  9 19:47:15 2024] Launched impl_1...
Run output will be captured here: X:/Bao/project_rough/project_rough.runs/impl_1/runme.log
WARNING: [filemgmt 56-199] Attempt to get parsing info during refresh. "On-the-fly" syntax checking information may be incorrect. [X:\Bao\project_rough\project_rough.srcs\sources_1\new\letter_decoder.v:]
WARNING: [filemgmt 56-199] Attempt to get parsing info during refresh. "On-the-fly" syntax checking information may be incorrect. [X:\Bao\project_rough\project_rough.srcs\sources_1\new\vga_top.v:]
WARNING: [filemgmt 56-199] Attempt to get parsing info during refresh. "On-the-fly" syntax checking information may be incorrect. [X:\Bao\project_rough\project_rough.srcs\sources_1\new\letter_decoder.v:]
WARNING: [filemgmt 56-199] Attempt to get parsing info during refresh. "On-the-fly" syntax checking information may be incorrect. [X:\Bao\project_rough\project_rough.srcs\sources_1\new\letter_decoder.v:]
ERROR: [Common 17-180] Spawn failed: No error
reset_run synth_1
INFO: [Project 1-1161] Replacing file X:/Bao/project_rough/project_rough.srcs/utils_1/imports/synth_1/vga_top.dcp with file X:/Bao/project_rough/project_rough.runs/synth_1/vga_top.dcp
WARNING: [Vivado 12-1017] Problems encountered:
1. Failed to delete one or more files in run directory X:/Bao/project_rough/project_rough.runs/synth_1

launch_runs synth_1 -jobs 10
[Mon Dec  9 19:49:21 2024] Launched synth_1...
Run output will be captured here: X:/Bao/project_rough/project_rough.runs/synth_1/runme.log
WARNING: [filemgmt 56-199] Attempt to get parsing info during refresh. "On-the-fly" syntax checking information may be incorrect. [X:\Bao\project_rough\project_rough.srcs\sources_1\new\letter_decoder.v:]
WARNING: [filemgmt 56-199] Attempt to get parsing info during refresh. "On-the-fly" syntax checking information may be incorrect. [X:\Bao\project_rough\project_rough.srcs\sources_1\new\vga_top.v:]
WARNING: [filemgmt 56-199] Attempt to get parsing info during refresh. "On-the-fly" syntax checking information may be incorrect. [X:\Bao\project_rough\project_rough.srcs\sources_1\new\letter_decoder.v:]
WARNING: [filemgmt 56-199] Attempt to get parsing info during refresh. "On-the-fly" syntax checking information may be incorrect. [X:\Bao\project_rough\project_rough.srcs\sources_1\new\letter_decoder.v:]
ERROR: [Common 17-180] Spawn failed: No error
launch_runs impl_1 -jobs 10
[Mon Dec  9 19:50:27 2024] Launched impl_1...
Run output will be captured here: X:/Bao/project_rough/project_rough.runs/impl_1/runme.log
WARNING: [filemgmt 56-199] Attempt to get parsing info during refresh. "On-the-fly" syntax checking information may be incorrect. [X:\Bao\project_rough\project_rough.srcs\sources_1\new\letter_decoder.v:]
WARNING: [filemgmt 56-199] Attempt to get parsing info during refresh. "On-the-fly" syntax checking information may be incorrect. [X:\Bao\project_rough\project_rough.srcs\sources_1\new\vga_top.v:]
WARNING: [filemgmt 56-199] Attempt to get parsing info during refresh. "On-the-fly" syntax checking information may be incorrect. [X:\Bao\project_rough\project_rough.srcs\sources_1\new\letter_decoder.v:]
WARNING: [filemgmt 56-199] Attempt to get parsing info during refresh. "On-the-fly" syntax checking information may be incorrect. [X:\Bao\project_rough\project_rough.srcs\sources_1\new\letter_decoder.v:]
ERROR: [Common 17-180] Spawn failed: No error
reset_run synth_1
INFO: [Project 1-1161] Replacing file X:/Bao/project_rough/project_rough.srcs/utils_1/imports/synth_1/vga_top.dcp with file X:/Bao/project_rough/project_rough.runs/synth_1/vga_top.dcp
WARNING: [Vivado 12-1017] Problems encountered:
1. Failed to delete one or more files in run directory X:/Bao/project_rough/project_rough.runs/synth_1

launch_runs synth_1 -jobs 10
WARNING: [filemgmt 56-199] Attempt to get parsing info during refresh. "On-the-fly" syntax checking information may be incorrect. [X:\Bao\project_rough\project_rough.srcs\sources_1\new\letter_decoder.v:]
WARNING: [filemgmt 56-199] Attempt to get parsing info during refresh. "On-the-fly" syntax checking information may be incorrect. [X:\Bao\project_rough\project_rough.srcs\sources_1\new\vga_top.v:]
WARNING: [filemgmt 56-199] Attempt to get parsing info during refresh. "On-the-fly" syntax checking information may be incorrect. [X:\Bao\project_rough\project_rough.srcs\sources_1\new\letter_decoder.v:]
[Mon Dec  9 19:52:47 2024] Launched synth_1...
WARNING: [filemgmt 56-199] Attempt to get parsing info during refresh. "On-the-fly" syntax checking information may be incorrect. [X:\Bao\project_rough\project_rough.srcs\sources_1\new\letter_decoder.v:]
Run output will be captured here: X:/Bao/project_rough/project_rough.runs/synth_1/runme.log
ERROR: [Common 17-180] Spawn failed: No error
WARNING: [filemgmt 56-199] Attempt to get parsing info during refresh. "On-the-fly" syntax checking information may be incorrect. [X:\Bao\project_rough\project_rough.srcs\sources_1\new\letter_decoder.v:]
WARNING: [filemgmt 56-199] Attempt to get parsing info during refresh. "On-the-fly" syntax checking information may be incorrect. [X:\Bao\project_rough\project_rough.srcs\sources_1\new\vga_top.v:]
WARNING: [filemgmt 56-199] Attempt to get parsing info during refresh. "On-the-fly" syntax checking information may be incorrect. [X:\Bao\project_rough\project_rough.srcs\sources_1\new\letter_decoder.v:]
WARNING: [filemgmt 56-199] Attempt to get parsing info during refresh. "On-the-fly" syntax checking information may be incorrect. [X:\Bao\project_rough\project_rough.srcs\sources_1\new\letter_decoder.v:]
ERROR: [Common 17-180] Spawn failed: No error
reset_run synth_1
INFO: [Project 1-1161] Replacing file X:/Bao/project_rough/project_rough.srcs/utils_1/imports/synth_1/vga_top.dcp with file X:/Bao/project_rough/project_rough.runs/synth_1/vga_top.dcp
WARNING: [Vivado 12-1017] Problems encountered:
1. Failed to delete one or more files in run directory X:/Bao/project_rough/project_rough.runs/synth_1

launch_runs synth_1 -jobs 10
[Mon Dec  9 19:55:59 2024] Launched synth_1...
Run output will be captured here: X:/Bao/project_rough/project_rough.runs/synth_1/runme.log
WARNING: [filemgmt 56-199] Attempt to get parsing info during refresh. "On-the-fly" syntax checking information may be incorrect. [X:\Bao\project_rough\project_rough.srcs\sources_1\new\letter_decoder.v:]
WARNING: [filemgmt 56-199] Attempt to get parsing info during refresh. "On-the-fly" syntax checking information may be incorrect. [X:\Bao\project_rough\project_rough.srcs\sources_1\new\vga_top.v:]
WARNING: [filemgmt 56-199] Attempt to get parsing info during refresh. "On-the-fly" syntax checking information may be incorrect. [X:\Bao\project_rough\project_rough.srcs\sources_1\new\letter_decoder.v:]
WARNING: [filemgmt 56-199] Attempt to get parsing info during refresh. "On-the-fly" syntax checking information may be incorrect. [X:\Bao\project_rough\project_rough.srcs\sources_1\new\letter_decoder.v:]
ERROR: [Common 17-180] Spawn failed: No error
launch_runs impl_1 -jobs 10
[Mon Dec  9 20:01:04 2024] Launched impl_1...
Run output will be captured here: X:/Bao/project_rough/project_rough.runs/impl_1/runme.log
WARNING: [filemgmt 56-199] Attempt to get parsing info during refresh. "On-the-fly" syntax checking information may be incorrect. [X:\Bao\project_rough\project_rough.srcs\sources_1\new\letter_decoder.v:]
WARNING: [filemgmt 56-199] Attempt to get parsing info during refresh. "On-the-fly" syntax checking information may be incorrect. [X:\Bao\project_rough\project_rough.srcs\sources_1\new\vga_top.v:]
WARNING: [filemgmt 56-199] Attempt to get parsing info during refresh. "On-the-fly" syntax checking information may be incorrect. [X:\Bao\project_rough\project_rough.srcs\sources_1\new\letter_decoder.v:]
WARNING: [filemgmt 56-199] Attempt to get parsing info during refresh. "On-the-fly" syntax checking information may be incorrect. [X:\Bao\project_rough\project_rough.srcs\sources_1\new\letter_decoder.v:]
ERROR: [Common 17-180] Spawn failed: No error
reset_run synth_1
INFO: [Project 1-1161] Replacing file X:/Bao/project_rough/project_rough.srcs/utils_1/imports/synth_1/vga_top.dcp with file X:/Bao/project_rough/project_rough.runs/synth_1/vga_top.dcp
WARNING: [Vivado 12-1017] Problems encountered:
1. Failed to delete one or more files in run directory X:/Bao/project_rough/project_rough.runs/synth_1

launch_runs synth_1 -jobs 10
WARNING: [filemgmt 56-199] Attempt to get parsing info during refresh. "On-the-fly" syntax checking information may be incorrect. [X:\Bao\project_rough\project_rough.srcs\sources_1\new\letter_decoder.v:]
WARNING: [filemgmt 56-199] Attempt to get parsing info during refresh. "On-the-fly" syntax checking information may be incorrect. [X:\Bao\project_rough\project_rough.srcs\sources_1\new\vga_top.v:]
WARNING: [filemgmt 56-199] Attempt to get parsing info during refresh. "On-the-fly" syntax checking information may be incorrect. [X:\Bao\project_rough\project_rough.srcs\sources_1\new\letter_decoder.v:]
WARNING: [filemgmt 56-199] Attempt to get parsing info during refresh. "On-the-fly" syntax checking information may be incorrect. [X:\Bao\project_rough\project_rough.srcs\sources_1\new\letter_decoder.v:]
[Mon Dec  9 20:01:42 2024] Launched synth_1...
Run output will be captured here: X:/Bao/project_rough/project_rough.runs/synth_1/runme.log
ERROR: [Common 17-180] Spawn failed: No error
launch_runs impl_1 -jobs 10
[Mon Dec  9 20:02:47 2024] Launched impl_1...
Run output will be captured here: X:/Bao/project_rough/project_rough.runs/impl_1/runme.log
launch_runs impl_1 -to_step write_bitstream -jobs 10
[Mon Dec  9 20:03:59 2024] Launched impl_1...
Run output will be captured here: X:/Bao/project_rough/project_rough.runs/impl_1/runme.log
open_hw_manager
connect_hw_server -allow_non_jtag
INFO: [Labtools 27-2285] Connecting to hw_server url TCP:localhost:3121
INFO: [Labtools 27-2222] Launching hw_server...
INFO: [Labtools 27-2221] Launch Output:

****** Xilinx hw_server v2024.1.0
  **** Build date : Mar  6 2024 at 20:50:54
    ** Copyright 1986-2022 Xilinx, Inc. All Rights Reserved.


INFO: [Labtools 27-3415] Connecting to cs_server url TCP:localhost:0
INFO: [Labtools 27-3417] Launching cs_server...
INFO: [Labtools 27-2221] Launch Output:


******** Xilinx cs_server v2024.1.0
  ****** Build date   : Mar 08 2024-19:00:37
    **** Build number : 2024.1.1709942437
      ** Copyright 2017-2022 Xilinx, Inc. All Rights Reserved.
      ** Copyright 2022-2024 Advanced Micro Devices, Inc. All Rights Reserved.



connect_hw_server: Time (s): cpu = 00:00:00 ; elapsed = 00:00:06 . Memory (MB): peak = 1825.105 ; gain = 0.000
open_hw_target
INFO: [Labtoolstcl 44-466] Opening hw_target localhost:3121/xilinx_tcf/Digilent/210292B7F284A
set_property PROGRAM.FILE {X:/Bao/project_rough/project_rough.runs/impl_1/vga_top.bit} [get_hw_devices xc7a100t_0]
current_hw_device [get_hw_devices xc7a100t_0]
refresh_hw_device -update_hw_probes false [lindex [get_hw_devices xc7a100t_0] 0]
INFO: [Labtools 27-1434] Device xc7a100t (JTAG device index = 0) is programmed with a design that has no supported debug core(s) in it.
set_property PROBES.FILE {} [get_hw_devices xc7a100t_0]
set_property FULL_PROBES.FILE {} [get_hw_devices xc7a100t_0]
set_property PROGRAM.FILE {X:/Bao/project_rough/project_rough.runs/impl_1/vga_top.bit} [get_hw_devices xc7a100t_0]
program_hw_devices [get_hw_devices xc7a100t_0]
INFO: [Labtools 27-3164] End of startup status: HIGH
refresh_hw_device [lindex [get_hw_devices xc7a100t_0] 0]
INFO: [Labtools 27-1434] Device xc7a100t (JTAG device index = 0) is programmed with a design that has no supported debug core(s) in it.
close_hw_manager
be incorrect. [X:\Bao\project_rough\project_rough.srcs\sources_1\new\letter_decoder.v:]
WARNING: [filemgmt 56-199] Attempt to get parsing info during refresh. "On-the-fly" syntax checking information may be incorrect. [X:\Bao\project_rough\project_rough.srcs\sources_1\new\letter_decoder.v:]
WARNING: [filemgmt 56-199] Attempt to get parsing info during refresh. "On-the-fly" syntax checking information may be incorrect. [X:\Bao\project_rough\project_rough.srcs\sources_1\new\vga_top.v:]
WARNING: [filemgmt 56-199] Attempt to get parsing info during refresh. "On-the-fly" syntax checking information may be incorrect. [X:\Bao\project_rough\project_rough.srcs\sources_1\new\accelerometer_SPI.v:]
WARNING: [filemgmt 56-199] Attempt to get parsing info during refresh. "On-the-fly" syntax checking information may be incorrect. [X:\Bao\project_rough\project_rough.srcs\sources_1\new\accelerometer_SPI.v:]
WARNING: [filemgmt 56-199] Attempt to get parsing info during refresh. "On-the-fly" syntax checking information may be incorrect. [X:\Bao\project_rough\project_rough.srcs\sources_1\new\accelerometer_SPI.v:]
WARNING: [filemgmt 56-199] Attempt to get parsing info during refresh. "On-the-fly" syntax checking information may be incorrect. [X:\Bao\project_rough\project_rough.srcs\sources_1\new\letter_decoder.v:]
WARNING: [filemgmt 56-199] Attempt to get parsing info during refresh. "On-the-fly" syntax checking information may be incorrect. [X:\Bao\project_rough\project_rough.srcs\sources_1\new\vga_top.v:]
WARNING: [filemgmt 56-199] Attempt to get parsing info during refresh. "On-the-fly" syntax checking information may be incorrect. [X:\Bao\project_rough\project_rough.srcs\sources_1\new\accelerometer_SPI.v:]
WARNING: [filemgmt 56-199] Attempt to get parsing info during refresh. "On-the-fly" syntax checking information may be incorrect. [X:\Bao\project_rough\project_rough.srcs\sources_1\new\vga_top.v:]
WARNING: [filemgmt 56-199] Attempt to get parsing info during refresh. "On-the-fly" syntax checking information may be incorrect. [X:\Bao\project_rough\project_rough.srcs\sources_1\new\vga_top.v:]
WARNING: [filemgmt 56-199] Attempt to get parsing info during refresh. "On-the-fly" syntax checking information may be incorrect. [X:\Bao\project_rough\project_rough.srcs\sources_1\new\letter_decoder.v:]
WARNING: [filemgmt 56-199] Attempt to get parsing info during refresh. "On-the-fly" syntax checking information may be incorrect. [X:\Bao\project_rough\project_rough.srcs\sources_1\new\vga_top.v:]
WARNING: [filemgmt 56-199] Attempt to get parsing info during refresh. "On-the-fly" syntax checking information may be incorrect. [X:\Bao\project_rough\project_rough.srcs\sources_1\new\accelerometer_SPI.v:]
WARNING: [filemgmt 56-199] Attempt to get parsing info during refresh. "On-the-fly" syntax checking information may be incorrect. [X:\Bao\project_rough\project_rough.srcs\sources_1\new\accelerometer_SPI.v:]
WARNING: [filemgmt 56-199] Attempt to get parsing info during refresh. "On-the-fly" syntax checking information may be incorrect. [X:\Bao\project_rough\project_rough.srcs\sources_1\new\accelerometer_SPI.v:]
ERROR: [Common 17-180] Spawn failed: No error
WARNING: [filemgmt 56-199] Attempt to get parsing info during refresh. "On-the-fly" syntax checking information may be incorrect. [X:\Bao\project_rough\project_rough.srcs\sources_1\new\letter_decoder.v:]
WARNING: [filemgmt 56-199] Attempt to get parsing info during refresh. "On-the-fly" syntax checking information may be incorrect. [X:\Bao\project_rough\project_rough.srcs\sources_1\new\vga_top.v:]
WARNING: [filemgmt 56-199] Attempt to get parsing info during refresh. "On-the-fly" syntax checking information may be incorrect. [X:\Bao\project_rough\project_rough.srcs\sources_1\new\accelerometer_SPI.v:]
WARNING: [filemgmt 56-199] Attempt to get parsing info during refresh. "On-the-fly" syntax checking information may be incorrect. [X:\Bao\project_rough\project_rough.srcs\sources_1\new\letter_decoder.v:]
WARNING: [filemgmt 56-199] Attempt to get parsing info during refresh. "On-the-fly" syntax checking information may be incorrect. [X:\Bao\project_rough\project_rough.srcs\sources_1\new\letter_decoder.v:]
WARNING: [filemgmt 56-199] Attempt to get parsing info during refresh. "On-the-fly" syntax checking information may be incorrect. [X:\Bao\project_rough\project_rough.srcs\sources_1\new\letter_decoder.v:]
WARNING: [filemgmt 56-199] Attempt to get parsing info during refresh. "On-the-fly" syntax checking information may be incorrect. [X:\Bao\project_rough\project_rough.srcs\sources_1\new\vga_top.v:]
WARNING: [filemgmt 56-199] Attempt to get parsing info during refresh. "On-the-fly" syntax checking information may be incorrect. [X:\Bao\project_rough\project_rough.srcs\sources_1\new\accelerometer_SPI.v:]
WARNING: [filemgmt 56-199] Attempt to get parsing info during refresh. "On-the-fly" syntax checking information may be incorrect. [X:\Bao\project_rough\project_rough.srcs\sources_1\new\accelerometer_SPI.v:]
WARNING: [filemgmt 56-199] Attempt to get parsing info during refresh. "On-the-fly" syntax checking information may be incorrect. [X:\Bao\project_rough\project_rough.srcs\sources_1\new\accelerometer_SPI.v:]
WARNING: [Common 17-9] Error reading message records.
WARNING: [filemgmt 56-199] Attempt to get parsing info during refresh. "On-the-fly" syntax checking information may be incorrect. [X:\Bao\project_rough\project_rough.srcs\sources_1\new\letter_decoder.v:]
WARNING: [filemgmt 56-199] Attempt to get parsing info during refresh. "On-the-fly" syntax checking information may be incorrect. [X:\Bao\project_rough\project_rough.srcs\sources_1\new\vga_top.v:]
WARNING: [filemgmt 56-199] Attempt to get parsing info during refresh. "On-the-fly" syntax checking information may be incorrect. [X:\Bao\project_rough\project_rough.srcs\sources_1\new\accelerometer_SPI.v:]
WARNING: [filemgmt 56-199] Attempt to get parsing info during refresh. "On-the-fly" syntax checking information may be incorrect. [X:\Bao\project_rough\project_rough.srcs\sources_1\new\letter_decoder.v:]
WARNING: [filemgmt 56-199] Attempt to get parsing info during refresh. "On-the-fly" syntax checking information may be incorrect. [X:\Bao\project_rough\project_rough.srcs\sources_1\new\letter_decoder.v:]
WARNING: [filemgmt 56-199] Attempt to get parsing info during refresh. "On-the-fly" syntax checking information may be incorrect. [X:\Bao\project_rough\project_rough.srcs\sources_1\new\letter_decoder.v:]
WARNING: [filemgmt 56-199] Attempt to get parsing info during refresh. "On-the-fly" syntax checking information may be incorrect. [X:\Bao\project_rough\project_rough.srcs\sources_1\new\vga_top.v:]
WARNING: [filemgmt 56-199] Attempt to get parsing info during refresh. "On-the-fly" syntax checking information may be incorrect. [X:\Bao\project_rough\project_rough.srcs\sources_1\new\accelerometer_SPI.v:]
WARNING: [filemgmt 56-199] Attempt to get parsing info during refresh. "On-the-fly" syntax checking information may be incorrect. [X:\Bao\project_rough\project_rough.srcs\sources_1\new\accelerometer_SPI.v:]
WARNING: [filemgmt 56-199] Attempt to get parsing info during refresh. "On-the-fly" syntax checking information may be incorrect. [X:\Bao\project_rough\project_rough.srcs\sources_1\new\accelerometer_SPI.v:]
WARNING: [filemgmt 56-199] Attempt to get parsing info during refresh. "On-the-fly" syntax checking information may be incorrect. [X:\Bao\project_rough\project_rough.srcs\sources_1\new\letter_decoder.v:]
WARNING: [filemgmt 56-199] Attempt to get parsing info during refresh. "On-the-fly" syntax checking information may be incorrect. [X:\Bao\project_rough\project_rough.srcs\sources_1\new\vga_top.v:]
WARNING: [filemgmt 56-199] Attempt to get parsing info during refresh. "On-the-fly" syntax checking information may be incorrect. [X:\Bao\project_rough\project_rough.srcs\sources_1\new\accelerometer_SPI.v:]
WARNING: [filemgmt 56-199] Attempt to get parsing info during refresh. "On-the-fly" syntax checking information may be incorrect. [X:\Bao\project_rough\project_rough.srcs\sources_1\new\letter_decoder.v:]
WARNING: [filemgmt 56-199] Attempt to get parsing info during refresh. "On-the-fly" syntax checking information may be incorrect. [X:\Bao\project_rough\project_rough.srcs\sources_1\new\letter_decoder.v:]
WARNING: [filemgmt 56-199] Attempt to get parsing info during refresh. "On-the-fly" syntax checking information may be incorrect. [X:\Bao\project_rough\project_rough.srcs\sources_1\new\letter_decoder.v:]
WARNING: [filemgmt 56-199] Attempt to get parsing info during refresh. "On-the-fly" syntax checking information may be incorrect. [X:\Bao\project_rough\project_rough.srcs\sources_1\new\vga_top.v:]
WARNING: [filemgmt 56-199] Attempt to get parsing info during refresh. "On-the-fly" syntax checking information may be incorrect. [X:\Bao\project_rough\project_rough.srcs\sources_1\new\accelerometer_SPI.v:]
WARNING: [filemgmt 56-199] Attempt to get parsing info during refresh. "On-the-fly" syntax checking information may be incorrect. [X:\Bao\project_rough\project_rough.srcs\sources_1\new\accelerometer_SPI.v:]
WARNING: [filemgmt 56-199] Attempt to get parsing info during refresh. "On-the-fly" syntax checking information may be incorrect. [X:\Bao\project_rough\project_rough.srcs\sources_1\new\accelerometer_SPI.v:]
WARNING: [filemgmt 56-199] Attempt to get parsing info during refresh. "On-the-fly" syntax checking information may be incorrect. [X:\Bao\project_rough\project_rough.srcs\sources_1\new\letter_decoder.v:]
WARNING: [filemgmt 56-199] Attempt to get parsing info during refresh. "On-the-fly" syntax checking information may be incorrect. [X:\Bao\project_rough\project_rough.srcs\sources_1\new\vga_top.v:]
WARNING: [filemgmt 56-199] Attempt to get parsing info during refresh. "On-the-fly" syntax checking information may be incorrect. [X:\Bao\project_rough\project_rough.srcs\sources_1\new\accelerometer_SPI.v:]
WARNING: [filemgmt 56-199] Attempt to get parsing info during refresh. "On-the-fly" syntax checking information may be incorrect. [X:\Bao\project_rough\project_rough.srcs\sources_1\new\letter_decoder.v:]
WARNING: [filemgmt 56-199] Attempt to get parsing info during refresh. "On-the-fly" syntax checking information may be incorrect. [X:\Bao\project_rough\project_rough.srcs\sources_1\new\letter_decoder.v:]
WARNING: [filemgmt 56-199] Attempt to get parsing info during refresh. "On-the-fly" syntax checking information may be incorrect. [X:\Bao\project_rough\project_rough.srcs\sources_1\new\letter_decoder.v:]
WARNING: [filemgmt 56-199] Attempt to get parsing info during refresh. "On-the-fly" syntax checking information may be incorrect. [X:\Bao\project_rough\project_rough.srcs\sources_1\new\vga_top.v:]
WARNING: [filemgmt 56-199] Attempt to get parsing info during refresh. "On-the-fly" syntax checking information may be incorrect. [X:\Bao\project_rough\project_rough.srcs\sources_1\new\accelerometer_SPI.v:]
WARNING: [filemgmt 56-199] Attempt to get parsing info during refresh. "On-the-fly" syntax checking information may be incorrect. [X:\Bao\project_rough\project_rough.srcs\sources_1\new\accelerometer_SPI.v:]
WARNING: [filemgmt 56-199] Attempt to get parsing info during refresh. "On-the-fly" syntax checking information may be incorrect. [X:\Bao\project_rough\project_rough.srcs\sources_1\new\accelerometer_SPI.v:]
WARNING: [filemgmt 56-199] Attempt to get parsing info during refresh. "On-the-fly" syntax checking information may be incorrect. [X:\Bao\project_rough\project_rough.srcs\sources_1\new\letter_decoder.v:]
WARNING: [filemgmt 56-199] Attempt to get parsing info during refresh. "On-the-fly" syntax checking information may be incorrect. [X:\Bao\project_rough\project_rough.srcs\sources_1\new\vga_top.v:]
WARNING: [filemgmt 56-199] Attempt to get parsing info during refresh. "On-the-fly" syntax checking information may be incorrect. [X:\Bao\project_rough\project_rough.srcs\sources_1\new\accelerometer_SPI.v:]
WARNING: [filemgmt 56-199] Attempt to get parsing info during refresh. "On-the-fly" syntax checking information may be incorrect. [X:\Bao\project_rough\project_rough.srcs\sources_1\new\letter_decoder.v:]
WARNING: [filemgmt 56-199] Attempt to get parsing info during refresh. "On-the-fly" syntax checking information may be incorrect. [X:\Bao\project_rough\project_rough.srcs\sources_1\new\letter_decoder.v:]
WARNING: [filemgmt 56-199] Attempt to get parsing info during refresh. "On-the-fly" syntax checking information may be incorrect. [X:\Bao\project_rough\project_rough.srcs\sources_1\new\letter_decoder.v:]
WARNING: [filemgmt 56-199] Attempt to get parsing info during refresh. "On-the-fly" syntax checking information may be incorrect. [X:\Bao\project_rough\project_rough.srcs\sources_1\new\vga_top.v:]
WARNING: [filemgmt 56-199] Attempt to get parsing info during refresh. "On-the-fly" syntax checking information may be incorrect. [X:\Bao\project_rough\project_rough.srcs\sources_1\new\accelerometer_SPI.v:]
WARNING: [filemgmt 56-199] Attempt to get parsing info during refresh. "On-the-fly" syntax checking information may be incorrect. [X:\Bao\project_rough\project_rough.srcs\sources_1\new\vga_top.v:]
WARNING: [filemgmt 56-199] Attempt to get parsing info during refresh. "On-the-fly" syntax checking information may be incorrect. [X:\Bao\project_rough\project_rough.srcs\sources_1\new\vga_top.v:]
WARNING: [filemgmt 56-199] Attempt to get parsing info during refresh. "On-the-fly" syntax checking information may be incorrect. [X:\Bao\project_rough\project_rough.srcs\sources_1\new\letter_decoder.v:]
WARNING: [filemgmt 56-199] Attempt to get parsing info during refresh. "On-the-fly" syntax checking information may be incorrect. [X:\Bao\project_rough\project_rough.srcs\sources_1\new\vga_top.v:]
WARNING: [filemgmt 56-199] Attempt to get parsing info during refresh. "On-the-fly" syntax checking information may be incorrect. [X:\Bao\project_rough\project_rough.srcs\sources_1\new\accelerometer_SPI.v:]
WARNING: [filemgmt 56-199] Attempt to get parsing info during refresh. "On-the-fly" syntax checking information may be incorrect. [X:\Bao\project_rough\project_rough.srcs\sources_1\new\letter_decoder.v:]
WARNING: [filemgmt 56-199] Attempt to get parsing info during refresh. "On-the-fly" syntax checking information may be incorrect. [X:\Bao\project_rough\project_rough.srcs\sources_1\new\letter_decoder.v:]
WARNING: [filemgmt 56-199] Attempt to get parsing info during refresh. "On-the-fly" syntax checking information may be incorrect. [X:\Bao\project_rough\project_rough.srcs\sources_1\new\letter_decoder.v:]
WARNING: [filemgmt 56-199] Attempt to get parsing info during refresh. "On-the-fly" syntax checking information may be incorrect. [X:\Bao\project_rough\project_rough.srcs\sources_1\new\vga_top.v:]
WARNING: [filemgmt 56-199] Attempt to get parsing info during refresh. "On-the-fly" syntax checking information may be incorrect. [X:\Bao\project_rough\project_rough.srcs\sources_1\new\accelerometer_SPI.v:]
WARNING: [filemgmt 56-199] Attempt to get parsing info during refresh. "On-the-fly" syntax checking information may be incorrect. [X:\Bao\project_rough\project_rough.srcs\sources_1\new\accelerometer_SPI.v:]
WARNING: [filemgmt 56-199] Attempt to get parsing info during refresh. "On-the-fly" syntax checking information may be incorrect. [X:\Bao\project_rough\project_rough.srcs\sources_1\new\accelerometer_SPI.v:]
ERROR: [Common 17-180] Spawn failed: No error
WARNING: [filemgmt 56-199] Attempt to get parsing info during refresh. "On-the-fly" syntax checking information may be incorrect. [X:\Bao\project_rough\project_rough.srcs\sources_1\new\letter_decoder.v:]
WARNING: [filemgmt 56-199] Attempt to get parsing info during refresh. "On-the-fly" syntax checking information may be incorrect. [X:\Bao\project_rough\project_rough.srcs\sources_1\new\vga_top.v:]
WARNING: [filemgmt 56-199] Attempt to get parsing info during refresh. "On-the-fly" syntax checking information may be incorrect. [X:\Bao\project_rough\project_rough.srcs\sources_1\new\accelerometer_SPI.v:]
WARNING: [filemgmt 56-199] Attempt to get parsing info during refresh. "On-the-fly" syntax checking information may be incorrect. [X:\Bao\project_rough\project_rough.srcs\sources_1\new\vga_top.v:]
WARNING: [filemgmt 56-199] Attempt to get parsing info during refresh. "On-the-fly" syntax checking information may be incorrect. [X:\Bao\project_rough\project_rough.srcs\sources_1\new\vga_top.v:]
ERROR: [Common 17-180] Spawn failed: No error
WARNING: [filemgmt 56-199] Attempt to get parsing info during refresh. "On-the-fly" syntax checking information may be incorrect. [X:\Bao\project_rough\project_rough.srcs\sources_1\new\letter_decoder.v:]
WARNING: [filemgmt 56-199] Attempt to get parsing info during refresh. "On-the-fly" syntax checking information may be incorrect. [X:\Bao\project_rough\project_rough.srcs\sources_1\new\vga_top.v:]
WARNING: [filemgmt 56-199] Attempt to get parsing info during refresh. "On-the-fly" syntax checking information may be incorrect. [X:\Bao\project_rough\project_rough.srcs\sources_1\new\accelerometer_SPI.v:]
WARNING: [filemgmt 56-199] Attempt to get parsing info during refresh. "On-the-fly" syntax checking information may be incorrect. [X:\Bao\project_rough\project_rough.srcs\sources_1\new\accelerometer_SPI.v:]
WARNING: [filemgmt 56-199] Attempt to get parsing info during refresh. "On-the-fly" syntax checking information may be incorrect. [X:\Bao\project_rough\project_rough.srcs\sources_1\new\accelerometer_SPI.v:]
ERROR: [Common 17-180] Spawn failed: No error
WARNING: [filemgmt 56-199] Attempt to get parsing info during refresh. "On-the-fly" syntax checking information may be incorrect. [X:\Bao\project_rough\project_rough.srcs\sources_1\new\letter_decoder.v:]
WARNING: [filemgmt 56-199] Attempt to get parsing info during refresh. "On-the-fly" syntax checking information may be incorrect. [X:\Bao\project_rough\project_rough.srcs\sources_1\new\vga_top.v:]
WARNING: [filemgmt 56-199] Attempt to get parsing info during refresh. "On-the-fly" syntax checking information may be incorrect. [X:\Bao\project_rough\project_rough.srcs\sources_1\new\accelerometer_SPI.v:]
WARNING: [filemgmt 56-199] Attempt to get parsing info during refresh. "On-the-fly" syntax checking information may be incorrect. [X:\Bao\project_rough\project_rough.srcs\sources_1\new\letter_decoder.v:]
WARNING: [filemgmt 56-199] Attempt to get parsing info during refresh. "On-the-fly" syntax checking information may be incorrect. [X:\Bao\project_rough\project_rough.srcs\sources_1\new\letter_decoder.v:]
WARNING: [filemgmt 56-199] Attempt to get parsing info during refresh. "On-the-fly" syntax checking information may be incorrect. [X:\Bao\project_rough\project_rough.srcs\sources_1\new\letter_decoder.v:]
WARNING: [filemgmt 56-199] Attempt to get parsing info during refresh. "On-the-fly" syntax checking information may be incorrect. [X:\Bao\project_rough\project_rough.srcs\sources_1\new\vga_top.v:]
WARNING: [filemgmt 56-199] Attempt to get parsing info during refresh. "On-the-fly" syntax checking information may be incorrect. [X:\Bao\project_rough\project_rough.srcs\sources_1\new\accelerometer_SPI.v:]
WARNING: [filemgmt 56-199] Attempt to get parsing info during refresh. "On-the-fly" syntax checking information may be incorrect. [X:\Bao\project_rough\project_rough.srcs\sources_1\new\accelerometer_SPI.v:]
WARNING: [filemgmt 56-199] Attempt to get parsing info during refresh. "On-the-fly" syntax checking information may be incorrect. [X:\Bao\project_rough\project_rough.srcs\sources_1\new\accelerometer_SPI.v:]
WARNING: [filemgmt 56-199] Attempt to get parsing info during refresh. "On-the-fly" syntax checking information may be incorrect. [X:\Bao\project_rough\project_rough.srcs\sources_1\new\letter_decoder.v:]
WARNING: [filemgmt 56-199] Attempt to get parsing info during refresh. "On-the-fly" syntax checking information may be incorrect. [X:\Bao\project_rough\project_rough.srcs\sources_1\new\vga_top.v:]
WARNING: [filemgmt 56-199] Attempt to get parsing info during refresh. "On-the-fly" syntax checking information may be incorrect. [X:\Bao\project_rough\project_rough.srcs\sources_1\new\accelerometer_SPI.v:]
WARNING: [filemgmt 56-199] Attempt to get parsing info during refresh. "On-the-fly" syntax checking information may be incorrect. [X:\Bao\project_rough\project_rough.srcs\sources_1\new\letter_decoder.v:]
WARNING: [filemgmt 56-199] Attempt to get parsing info during refresh. "On-the-fly" syntax checking information may be incorrect. [X:\Bao\project_rough\project_rough.srcs\sources_1\new\letter_decoder.v:]
WARNING: [filemgmt 56-199] Attempt to get parsing info during refresh. "On-the-fly" syntax checking information may be incorrect. [X:\Bao\project_rough\project_rough.srcs\sources_1\new\letter_decoder.v:]
WARNING: [filemgmt 56-199] Attempt to get parsing info during refresh. "On-the-fly" syntax checking information may be incorrect. [X:\Bao\project_rough\project_rough.srcs\sources_1\new\vga_top.v:]
WARNING: [filemgmt 56-199] Attempt to get parsing info during refresh. "On-the-fly" syntax checking information may be incorrect. [X:\Bao\project_rough\project_rough.srcs\sources_1\new\accelerometer_SPI.v:]
WARNING: [filemgmt 56-199] Attempt to get parsing info during refresh. "On-the-fly" syntax checking information may be incorrect. [X:\Bao\project_rough\project_rough.srcs\sources_1\new\vga_top.v:]
WARNING: [filemgmt 56-199] Attempt to get parsing info during refresh. "On-the-fly" syntax checking information may be incorrect. [X:\Bao\project_rough\project_rough.srcs\sources_1\new\vga_top.v:]
ERROR: [Common 17-180] Spawn failed: No error
WARNING: [filemgmt 56-199] Attempt to get parsing info during refresh. "On-the-fly" syntax checking information may be incorrect. [X:\Bao\project_rough\project_rough.srcs\sources_1\new\letter_decoder.v:]
WARNING: [filemgmt 56-199] Attempt to get parsing info during refresh. "On-the-fly" syntax checking information may be incorrect. [X:\Bao\project_rough\project_rough.srcs\sources_1\new\vga_top.v:]
WARNING: [filemgmt 56-199] Attempt to get parsing info during refresh. "On-the-fly" syntax checking information may be incorrect. [X:\Bao\project_rough\project_rough.srcs\sources_1\new\accelerometer_SPI.v:]
WARNING: [filemgmt 56-199] Attempt to get parsing info during refresh. "On-the-fly" syntax checking information may be incorrect. [X:\Bao\project_rough\project_rough.srcs\sources_1\new\letter_decoder.v:]
WARNING: [filemgmt 56-199] Attempt to get parsing info during refresh. "On-the-fly" syntax checking information may be incorrect. [X:\Bao\project_rough\project_rough.srcs\sources_1\new\letter_decoder.v:]
WARNING: [filemgmt 56-199] Attempt to get parsing info during refresh. "On-the-fly" syntax checking information may be incorrect. [X:\Bao\project_rough\project_rough.srcs\sources_1\new\letter_decoder.v:]
WARNING: [filemgmt 56-199] Attempt to get parsing info during refresh. "On-the-fly" syntax checking information may be incorrect. [X:\Bao\project_rough\project_rough.srcs\sources_1\new\vga_top.v:]
WARNING: [filemgmt 56-199] Attempt to get parsing info during refresh. "On-the-fly" syntax checking information may be incorrect. [X:\Bao\project_rough\project_rough.srcs\sources_1\new\accelerometer_SPI.v:]
WARNING: [filemgmt 56-199] Attempt to get parsing info during refresh. "On-the-fly" syntax checking information may be incorrect. [X:\Bao\project_rough\project_rough.srcs\sources_1\new\vga_top.v:]
WARNING: [filemgmt 56-199] Attempt to get parsing info during refresh. "On-the-fly" syntax checking information may be incorrect. [X:\Bao\project_rough\project_rough.srcs\sources_1\new\vga_top.v:]
ERROR: [Common 17-180] Spawn failed: No error
